<?xml version="1.0" encoding="UTF-8"?>
<testsuite xmlns:xsi="http://www.w3.org/2001/XMLSchema-instance" xsi:noNamespaceSchemaLocation="https://maven.apache.org/surefire/maven-surefire-plugin/xsd/surefire-test-report-3.0.xsd" version="3.0" name="RunPaymentTest" time="0.528" tests="4" errors="0" skipped="0" failures="0">
  <properties>
[...]
</properties>
  <testcase name="Успешная оплата товара банковской картой" classname="Оплата товара на сайте интернет-магазина" time="0.068">
    <system-out><![CDATA[
@payment @success
Сценарий: Успешная оплата товара банковской картой                # src/test/resources/features/payment.feature:10
На карте пользователя имеется 50000 рублей
  Дано на банковской карте пользователя имеется 50000 рублей      # stepdefinitions.PaymentStepDefinitions.наБанковскойКартеПользователяИмеетсяРублей(int)
В корзине товары на сумму 15000 рублей
  И в корзине интернет-магазина есть товары на сумму 15000 рублей # stepdefinitions.PaymentStepDefinitions.вКорзинеИнтернетМагазинаЕстьТоварыНаСуммуРублей(int)
Пользователь выбрал оплату банковской картой
  Когда пользователь выбирает оплату банковской картой            # stepdefinitions.PaymentStepDefinitions.пользовательВыбираетОплатуБанковскойКартой()
Пользователь ввел корректные данные карты
  И вводит корректные данные карты                                # stepdefinitions.PaymentStepDefinitions.вводитКорректныеДанныеКарты()
Пользователь подтвердил оплату
  И подтверждает оплату                                           # stepdefinitions.PaymentStepDefinitions.подтверждаетОплату()
Проверка: оплата успешно завершена
  Тогда оплата должна быть успешно завершена                      # stepdefinitions.PaymentStepDefinitions.оплатаДолжнаБытьУспешноЗавершена()
Проверка: с карты списано 15000 рублей
  И с карты должно быть списано 15000 рублей                      # stepdefinitions.PaymentStepDefinitions.сКартыДолжноБытьСписаноРублей(int)
Проверка: на карте осталось 35000 рублей
  И на карте должно остаться 35000 рублей                         # stepdefinitions.PaymentStepDefinitions.наКартеДолжноОстатьсяРублей(int)
Проверка: заказ переведен в статус "Оплачен"
  И заказ должен быть переведен в статус "Оплачен"                # stepdefinitions.PaymentStepDefinitions.заказДолженБытьПереведенВСтатус(java.lang.String)
]]></system-out>
  </testcase>
  <testcase name="Оплата товара при недостаточных средствах на карте" classname="Оплата товара на сайте интернет-магазина" time="0.003">
    <system-out><![CDATA[
@payment @insufficient_funds
Сценарий: Оплата товара при недостаточных средствах на карте       # src/test/resources/features/payment.feature:22
На карте пользователя имеется 10000 рублей
  Дано на банковской карте пользователя имеется 10000 рублей       # stepdefinitions.PaymentStepDefinitions.наБанковскойКартеПользователяИмеетсяРублей(int)
В корзине товары на сумму 15000 рублей
  И в корзине интернет-магазина есть товары на сумму 15000 рублей  # stepdefinitions.PaymentStepDefinitions.вКорзинеИнтернетМагазинаЕстьТоварыНаСуммуРублей(int)
Пользователь выбрал оплату банковской картой
  Когда пользователь выбирает оплату банковской картой             # stepdefinitions.PaymentStepDefinitions.пользовательВыбираетОплатуБанковскойКартой()
Пользователь ввел корректные данные карты
  И вводит корректные данные карты                                 # stepdefinitions.PaymentStepDefinitions.вводитКорректныеДанныеКарты()
Пользователь подтвердил оплату
  И подтверждает оплату                                            # stepdefinitions.PaymentStepDefinitions.подтверждаетОплату()
Проверка: появилось сообщение "Недостаточно средств на карте"
  Тогда должно появиться сообщение "Недостаточно средств на карте" # stepdefinitions.PaymentStepDefinitions.должноПоявитьсяСообщение(java.lang.String)
Проверка: оплата не выполнена
  И оплата не должна быть выполнена                                # stepdefinitions.PaymentStepDefinitions.оплатаНеДолжнаБытьВыполнена()
Проверка: заказ остался в статусе "Ожидает оплаты"
  И заказ должен остаться в статусе "Ожидает оплаты"               # stepdefinitions.PaymentStepDefinitions.заказДолженОстатьсяВСтатусе(java.lang.String)
]]></system-out>
  </testcase>
  <testcase name="Оплата товара с недействительной картой" classname="Оплата товара на сайте интернет-магазина" time="0.005">
    <system-out><![CDATA[
@payment @invalid_card
Сценарий: Оплата товара с недействительной картой                  # src/test/resources/features/payment.feature:33
На карте пользователя имеется 50000 рублей
  Дано на банковской карте пользователя имеется 50000 рублей       # stepdefinitions.PaymentStepDefinitions.наБанковскойКартеПользователяИмеетсяРублей(int)
В корзине товары на сумму 15000 рублей
  И в корзине интернет-магазина есть товары на сумму 15000 рублей  # stepdefinitions.PaymentStepDefinitions.вКорзинеИнтернетМагазинаЕстьТоварыНаСуммуРублей(int)
Пользователь выбрал оплату банковской картой
  Когда пользователь выбирает оплату банковской картой             # stepdefinitions.PaymentStepDefinitions.пользовательВыбираетОплатуБанковскойКартой()
Пользователь ввел некорректные данные карты
  И вводит некорректные данные карты (неверный номер/срок/ CVV)    # stepdefinitions.PaymentStepDefinitions.вводитНекорректныеДанныеКарты()
Пользователь подтвердил оплату
  И подтверждает оплату                                            # stepdefinitions.PaymentStepDefinitions.подтверждаетОплату()
Проверка: появилось сообщение "Недействительные данные карты"
  Тогда должно появиться сообщение "Недействительные данные карты" # stepdefinitions.PaymentStepDefinitions.должноПоявитьсяСообщение(java.lang.String)
Проверка: оплата не выполнена
  И оплата не должна быть выполнена                                # stepdefinitions.PaymentStepDefinitions.оплатаНеДолжнаБытьВыполнена()
Проверка: средства с карты не списаны
  И средства с карты не должны быть списаны                        # stepdefinitions.PaymentStepDefinitions.средстваСКартыНеДолжныБытьСписаны()
]]></system-out>
  </testcase>
  <testcase name="Оплата товара с превышением лимита карты" classname="Оплата товара на сайте интернет-магазина" time="0.007">
    <system-out><![CDATA[
@payment @limit_exceeded
Сценарий: Оплата товара с превышением лимита карты                    # src/test/resources/features/payment.feature:44
На карте пользователя имеется 100000 рублей
  Дано на банковской карте пользователя имеется 100000 рублей         # stepdefinitions.PaymentStepDefinitions.наБанковскойКартеПользователяИмеетсяРублей(int)
Суточный лимит по карте составляет 50000 рублей
  И суточный лимит по карте составляет 50000 рублей                   # stepdefinitions.PaymentStepDefinitions.суточныйЛимитПоКартеСоставляетРублей(int)
В корзине товары на сумму 60000 рублей
  И в корзине интернет-магазина есть товары на сумму 60000 рублей     # stepdefinitions.PaymentStepDefinitions.вКорзинеИнтернетМагазинаЕстьТоварыНаСуммуРублей(int)
Пользователь выбрал оплату банковской картой
  Когда пользователь выбирает оплату банковской картой                # stepdefinitions.PaymentStepDefinitions.пользовательВыбираетОплатуБанковскойКартой()
Пользователь ввел корректные данные карты
  И вводит корректные данные карты                                    # stepdefinitions.PaymentStepDefinitions.вводитКорректныеДанныеКарты()
Пользователь подтвердил оплату
  И подтверждает оплату                                               # stepdefinitions.PaymentStepDefinitions.подтверждаетОплату()
Проверка: появилось сообщение "Превышен лимит операции по карте"
  Тогда должно появиться сообщение "Превышен лимит операции по карте" # stepdefinitions.PaymentStepDefinitions.должноПоявитьсяСообщение(java.lang.String)
Проверка: оплата не выполнена
  И оплата не должна быть выполнена                                   # stepdefinitions.PaymentStepDefinitions.оплатаНеДолжнаБытьВыполнена()
Проверка: средства с карты не списаны
  И средства с карты не должны быть списаны                           # stepdefinitions.PaymentStepDefinitions.средстваСКартыНеДолжныБытьСписаны()
]]></system-out>
  </testcase>
</testsuite>